# JRE version: OpenJDK Runtime Environment (8.0_212-b04) (build 1.8.0_212-release-1586-b04)
# Java VM: OpenJDK 64-Bit Server VM (25.212-b04 mixed mode windows-amd64 compressed oops)
Heap:
 PSYoungGen      total 349184K, used 71388K [0x00000000e0000000, 0x00000000f9800000, 0x0000000100000000)
  eden space 282112K, 10% used [0x00000000e0000000,0x00000000e1d49960,0x00000000f1380000)
  from space 67072K, 61% used [0x00000000f1380000,0x00000000f3bed6a8,0x00000000f5500000)
  to   space 65024K, 0% used [0x00000000f5880000,0x00000000f5880000,0x00000000f9800000)
 ParOldGen       total 247296K, used 76418K [0x00000000a0000000, 0x00000000af180000, 0x00000000e0000000)
  object space 247296K, 30% used [0x00000000a0000000,0x00000000a4aa0a50,0x00000000af180000)
 Metaspace       used 154194K, capacity 166252K, committed 167064K, reserved 1193984K
  class space    used 19849K, capacity 22223K, committed 22440K, reserved 1048576K
GC Heap History (10 events):
Event: 3583.426 GC heap before
{Heap before GC invocations=58 (full 4):
 PSYoungGen      total 326656K, used 326186K [0x00000000e0000000, 0x00000000fa700000, 0x0000000100000000)
  eden space 290816K, 100% used [0x00000000e0000000,0x00000000f1c00000,0x00000000f1c00000)
  from space 35840K, 98% used [0x00000000f2580000,0x00000000f480a890,0x00000000f4880000)
  to   space 71168K, 0% used [0x00000000f6180000,0x00000000f6180000,0x00000000fa700000)
 ParOldGen       total 247296K, used 214993K [0x00000000a0000000, 0x00000000af180000, 0x00000000e0000000)
  object space 247296K, 86% used [0x00000000a0000000,0x00000000ad1f4798,0x00000000af180000)
 Metaspace       used 128781K, capacity 140962K, committed 141080K, reserved 1171456K
  class space    used 16489K, capacity 18892K, committed 18984K, reserved 1048576K
Event: 3583.488 GC heap after
Heap after GC invocations=58 (full 4):
 PSYoungGen      total 338432K, used 41509K [0x00000000e0000000, 0x00000000f9900000, 0x0000000100000000)
  eden space 281600K, 0% used [0x00000000e0000000,0x00000000e0000000,0x00000000f1300000)
  from space 56832K, 73% used [0x00000000f6180000,0x00000000f8a097c8,0x00000000f9900000)
  to   space 68608K, 0% used [0x00000000f1300000,0x00000000f1300000,0x00000000f5600000)
 ParOldGen       total 247296K, used 216377K [0x00000000a0000000, 0x00000000af180000, 0x00000000e0000000)
  object space 247296K, 87% used [0x00000000a0000000,0x00000000ad34e528,0x00000000af180000)
 Metaspace       used 128781K, capacity 140962K, committed 141080K, reserved 1171456K
  class space    used 16489K, capacity 18892K, committed 18984K, reserved 1048576K
}
Event: 3771.848 GC heap before
{Heap before GC invocations=59 (full 4):
 PSYoungGen      total 338432K, used 303522K [0x00000000e0000000, 0x00000000f9900000, 0x0000000100000000)
  eden space 281600K, 93% used [0x00000000e0000000,0x00000000effdf308,0x00000000f1300000)
  from space 56832K, 73% used [0x00000000f6180000,0x00000000f8a097c8,0x00000000f9900000)
  to   space 68608K, 0% used [0x00000000f1300000,0x00000000f1300000,0x00000000f5600000)
 ParOldGen       total 247296K, used 216377K [0x00000000a0000000, 0x00000000af180000, 0x00000000e0000000)
  object space 247296K, 87% used [0x00000000a0000000,0x00000000ad34e528,0x00000000af180000)
 Metaspace       used 128956K, capacity 141368K, committed 141592K, reserved 1171456K
  class space    used 16518K, capacity 18982K, committed 18984K, reserved 1048576K
Event: 3771.946 GC heap after
Heap after GC invocations=59 (full 4):
 PSYoungGen      total 313344K, used 31644K [0x00000000e0000000, 0x00000000f9700000, 0x0000000100000000)
  eden space 281600K, 0% used [0x00000000e0000000,0x00000000e0000000,0x00000000f1300000)
  from space 31744K, 99% used [0x00000000f1300000,0x00000000f31e7268,0x00000000f3200000)
  to   space 67584K, 0% used [0x00000000f5500000,0x00000000f5500000,0x00000000f9700000)
 ParOldGen       total 247296K, used 218285K [0x00000000a0000000, 0x00000000af180000, 0x00000000e0000000)
  object space 247296K, 88% used [0x00000000a0000000,0x00000000ad52b488,0x00000000af180000)
 Metaspace       used 128956K, capacity 141368K, committed 141592K, reserved 1171456K
  class space    used 16518K, capacity 18982K, committed 18984K, reserved 1048576K
}
Event: 3771.946 GC heap before
{Heap before GC invocations=60 (full 5):
 PSYoungGen      total 313344K, used 31644K [0x00000000e0000000, 0x00000000f9700000, 0x0000000100000000)
  eden space 281600K, 0% used [0x00000000e0000000,0x00000000e0000000,0x00000000f1300000)
  from space 31744K, 99% used [0x00000000f1300000,0x00000000f31e7268,0x00000000f3200000)
  to   space 67584K, 0% used [0x00000000f5500000,0x00000000f5500000,0x00000000f9700000)
 ParOldGen       total 247296K, used 218285K [0x00000000a0000000, 0x00000000af180000, 0x00000000e0000000)
  object space 247296K, 88% used [0x00000000a0000000,0x00000000ad52b488,0x00000000af180000)
 Metaspace       used 128956K, capacity 141368K, committed 141592K, reserved 1171456K
  class space    used 16518K, capacity 18982K, committed 18984K, reserved 1048576K
Event: 3773.855 GC heap after
Heap after GC invocations=60 (full 5):
 PSYoungGen      total 313344K, used 0K [0x00000000e0000000, 0x00000000f9700000, 0x0000000100000000)
  eden space 281600K, 0% used [0x00000000e0000000,0x00000000e0000000,0x00000000f1300000)
  from space 31744K, 0% used [0x00000000f1300000,0x00000000f1300000,0x00000000f3200000)
  to   space 67584K, 0% used [0x00000000f5500000,0x00000000f5500000,0x00000000f9700000)
 ParOldGen       total 247296K, used 76402K [0x00000000a0000000, 0x00000000af180000, 0x00000000e0000000)
  object space 247296K, 30% used [0x00000000a0000000,0x00000000a4a9ca50,0x00000000af180000)
 Metaspace       used 123866K, capacity 133836K, committed 141592K, reserved 1171456K
  class space    used 15709K, capacity 17561K, committed 18984K, reserved 1048576K
}
Event: 3992.264 GC heap before
{Heap before GC invocations=61 (full 5):
 PSYoungGen      total 313344K, used 281600K [0x00000000e0000000, 0x00000000f9700000, 0x0000000100000000)
  eden space 281600K, 100% used [0x00000000e0000000,0x00000000f1300000,0x00000000f1300000)
  from space 31744K, 0% used [0x00000000f1300000,0x00000000f1300000,0x00000000f3200000)
  to   space 67584K, 0% used [0x00000000f5500000,0x00000000f5500000,0x00000000f9700000)
 ParOldGen       total 247296K, used 76402K [0x00000000a0000000, 0x00000000af180000, 0x00000000e0000000)
  object space 247296K, 30% used [0x00000000a0000000,0x00000000a4a9ca50,0x00000000af180000)
 Metaspace       used 137327K, capacity 148466K, committed 149912K, reserved 1179648K
  class space    used 17621K, capacity 19829K, committed 20136K, reserved 1048576K
Event: 3992.314 GC heap after
Heap after GC invocations=61 (full 5):
 PSYoungGen      total 349696K, used 26403K [0x00000000e0000000, 0x00000000f9b00000, 0x0000000100000000)
  eden space 282112K, 0% used [0x00000000e0000000,0x00000000e0000000,0x00000000f1380000)
  from space 67584K, 39% used [0x00000000f5500000,0x00000000f6ec8c78,0x00000000f9700000)
  to   space 67072K, 0% used [0x00000000f1380000,0x00000000f1380000,0x00000000f5500000)
 ParOldGen       total 247296K, used 76410K [0x00000000a0000000, 0x00000000af180000, 0x00000000e0000000)
  object space 247296K, 30% used [0x00000000a0000000,0x00000000a4a9ea50,0x00000000af180000)
 Metaspace       used 137327K, capacity 148466K, committed 149912K, reserved 1179648K
  class space    used 17621K, capacity 19829K, committed 20136K, reserved 1048576K
}
Event: 4031.879 GC heap before
{Heap before GC invocations=62 (full 5):
 PSYoungGen      total 349696K, used 308515K [0x00000000e0000000, 0x00000000f9b00000, 0x0000000100000000)
  eden space 282112K, 100% used [0x00000000e0000000,0x00000000f1380000,0x00000000f1380000)
  from space 67584K, 39% used [0x00000000f5500000,0x00000000f6ec8c78,0x00000000f9700000)
  to   space 67072K, 0% used [0x00000000f1380000,0x00000000f1380000,0x00000000f5500000)
 ParOldGen       total 247296K, used 76410K [0x00000000a0000000, 0x00000000af180000, 0x00000000e0000000)
  object space 247296K, 30% used [0x00000000a0000000,0x00000000a4a9ea50,0x00000000af180000)
 Metaspace       used 153596K, capacity 165530K, committed 166424K, reserved 1193984K
  class space    used 19741K, capacity 22106K, committed 22312K, reserved 1048576K
Event: 4031.986 GC heap after
Heap after GC invocations=62 (full 5):
 PSYoungGen      total 349184K, used 41397K [0x00000000e0000000, 0x00000000f9800000, 0x0000000100000000)
  eden space 282112K, 0% used [0x00000000e0000000,0x00000000e0000000,0x00000000f1380000)
  from space 67072K, 61% used [0x00000000f1380000,0x00000000f3bed6a8,0x00000000f5500000)
  to   space 65024K, 0% used [0x00000000f5880000,0x00000000f5880000,0x00000000f9800000)
 ParOldGen       total 247296K, used 76418K [0x00000000a0000000, 0x00000000af180000, 0x00000000e0000000)
  object space 247296K, 30% used [0x00000000a0000000,0x00000000a4aa0a50,0x00000000af180000)
 Metaspace       used 153596K, capacity 165530K, committed 166424K, reserved 1193984K
  class space    used 19741K, capacity 22106K, committed 22312K, reserved 1048576K
}

